<?xml version="1.0" encoding="UTF-8" ?>
<testsuite tests="10" failures="0" name="au.com.latitude.microservice.lambda.MaxDailyStockProfit.MaxDailyStockProfitTest" time="0.183" errors="0" skipped="0">
  <properties>
    <property name="java.runtime.name" value="Java(TM) SE Runtime Environment"/>
    <property name="sun.boot.library.path" value="C:\Program Files\Java\jdk1.8.0_92\jre\bin"/>
    <property name="java.vm.version" value="25.92-b14"/>
    <property name="java.vm.vendor" value="Oracle Corporation"/>
    <property name="maven.multiModuleProjectDirectory" value="C:\Development\JavaWorkspaces\Java1\MaxDailyStockProfit"/>
    <property name="java.vendor.url" value="http://java.oracle.com/"/>
    <property name="path.separator" value=";"/>
    <property name="guice.disable.misplaced.annotation.check" value="true"/>
    <property name="java.vm.name" value="Java HotSpot(TM) 64-Bit Server VM"/>
    <property name="file.encoding.pkg" value="sun.io"/>
    <property name="user.script" value=""/>
    <property name="user.country" value="AU"/>
    <property name="sun.java.launcher" value="SUN_STANDARD"/>
    <property name="sun.os.patch.level" value=""/>
    <property name="java.vm.specification.name" value="Java Virtual Machine Specification"/>
    <property name="user.dir" value="C:\Development\JavaWorkspaces\Java1\MaxDailyStockProfit"/>
    <property name="java.runtime.version" value="1.8.0_92-b14"/>
    <property name="java.awt.graphicsenv" value="sun.awt.Win32GraphicsEnvironment"/>
    <property name="java.endorsed.dirs" value="C:\Program Files\Java\jdk1.8.0_92\jre\lib\endorsed"/>
    <property name="os.arch" value="amd64"/>
    <property name="java.io.tmpdir" value="C:\Users\STomney\AppData\Local\Temp\"/>
    <property name="line.separator" value="
"/>
    <property name="java.vm.specification.vendor" value="Oracle Corporation"/>
    <property name="user.variant" value=""/>
    <property name="os.name" value="Windows 8.1"/>
    <property name="classworlds.conf" value="C:\Software\apache-maven-3.3.9\bin\..\bin\m2.conf"/>
    <property name="sun.jnu.encoding" value="Cp1252"/>
    <property name="java.library.path" value="C:\Program Files\Java\jdk1.8.0_92\bin;C:\Windows\Sun\Java\bin;C:\Windows\system32;C:\Windows;C:\Program Files (x86)\IBM\MQSI\9.0.0.9\jre17\bin;C:\Program Files (x86)\IBM\IntegrationToolkit90;C:\Program Files (x86)\IBM\MQSI\9.0.0.9\bin;C:\Program Files (x86)\IBM\MQSI\9.0.0.9\isadc;C:\Program Files (x86)\Common Files\Oracle\Java\javapath;C:\Program Files (x86)\IBM\WebSphere MQ\java\lib64;C:\Program Files (x86)\IBM\WebSphere MQ\java\lib;C:\Program Files (x86)\Java\jre1.8.0_161\bin;C:\Program Files (x86)\IBM\MQSI\9.0.0.2\jre17\bin;C:\ProgramData\Oracle\Java\javapath;C:\Windows\system32;C:\Windows;C:\Windows\System32\Wbem;C:\Windows\System32\WindowsPowerShell\v1.0\;C:\Windows\CCM;C:\Program Files\Git\cmd;C:\Program Files\Git\mingw64\bin;C:\Program Files\Git\usr\bin;C:\Software\apache-ant-1.9.7\bin;C:\Program Files (x86)\Sennheiser\SoftphoneSDK\;C:\Software\apache-maven-3.3.9\bin;C:\Program Files (x86)\IBM\Client Access\Shared;C:\Program Files (x86)\IBM\Client Access\;C:\Program Files\Cloud Foundry;C:\Program Files\nodejs\;C:\Program Files\IDM Computer Solutions\UltraCompare;C:\Program Files\ibm\gsk8\lib64;C:\Program Files (x86)\ibm\gsk8\lib;c:\Development\libs;C:\Program Files (x86)\WinMerge;C:\Program Files (x86)\IBM\WebSphere MQ\bin64;C:\Program Files (x86)\IBM\WebSphere MQ\bin;C:\Program Files\Amazon\AWSCLI\bin\;C:\Gradle\gradle-5.1-bin\gradle-5.1\bin\;C:\Users\STomney\AppData\Roaming\Python\Python37\;C:\Program Files\Amazon\AWSSAMCLI\bin\;C:\Program Files\Microsoft VS Code\bin;C:\Gradle\gradle-5.1-bin\gradle-5.1\bin;C:\Users\STomney\AppData\Local\Programs\Python\Python37-32\Scripts\;C:\Users\STomney\AppData\Local\Programs\Python\Python37-32\;C:\Users\STomney\AppData\Roaming\npm;C:\Program Files\Docker Toolbox;C:\Program Files\apache-maven-3.3.9\bin;C:\Users\STomney\AppData\Local\atom\bin;;."/>
    <property name="java.specification.name" value="Java Platform API Specification"/>
    <property name="java.class.version" value="52.0"/>
    <property name="sun.management.compiler" value="HotSpot 64-Bit Tiered Compilers"/>
    <property name="os.version" value="6.3"/>
    <property name="user.home" value="C:\Users\STomney"/>
    <property name="user.timezone" value="Australia/Sydney"/>
    <property name="java.awt.printerjob" value="sun.awt.windows.WPrinterJob"/>
    <property name="java.specification.version" value="1.8"/>
    <property name="file.encoding" value="Cp1252"/>
    <property name="user.name" value="STomney"/>
    <property name="java.class.path" value="C:\Software\apache-maven-3.3.9\bin\..\boot\plexus-classworlds-2.5.2.jar"/>
    <property name="java.vm.specification.version" value="1.8"/>
    <property name="sun.arch.data.model" value="64"/>
    <property name="java.home" value="C:\Program Files\Java\jdk1.8.0_92\jre"/>
    <property name="sun.java.command" value="org.codehaus.plexus.classworlds.launcher.Launcher install"/>
    <property name="java.specification.vendor" value="Oracle Corporation"/>
    <property name="user.language" value="en"/>
    <property name="awt.toolkit" value="sun.awt.windows.WToolkit"/>
    <property name="java.vm.info" value="mixed mode"/>
    <property name="java.version" value="1.8.0_92"/>
    <property name="java.ext.dirs" value="C:\Program Files\Java\jdk1.8.0_92\jre\lib\ext;C:\Windows\Sun\Java\lib\ext"/>
    <property name="sun.boot.class.path" value="C:\Program Files\Java\jdk1.8.0_92\jre\lib\resources.jar;C:\Program Files\Java\jdk1.8.0_92\jre\lib\rt.jar;C:\Program Files\Java\jdk1.8.0_92\jre\lib\sunrsasign.jar;C:\Program Files\Java\jdk1.8.0_92\jre\lib\jsse.jar;C:\Program Files\Java\jdk1.8.0_92\jre\lib\jce.jar;C:\Program Files\Java\jdk1.8.0_92\jre\lib\charsets.jar;C:\Program Files\Java\jdk1.8.0_92\jre\lib\jfr.jar;C:\Program Files\Java\jdk1.8.0_92\jre\classes"/>
    <property name="sun.stderr.encoding" value="cp850"/>
    <property name="java.vendor" value="Oracle Corporation"/>
    <property name="maven.home" value="C:\Software\apache-maven-3.3.9\bin\.."/>
    <property name="file.separator" value="\"/>
    <property name="java.vendor.url.bug" value="http://bugreport.sun.com/bugreport/"/>
    <property name="sun.cpu.endian" value="little"/>
    <property name="sun.io.unicode.encoding" value="UnicodeLittle"/>
    <property name="sun.stdout.encoding" value="cp850"/>
    <property name="sun.desktop" value="windows"/>
    <property name="sun.cpu.isalist" value="amd64"/>
  </properties>
  <testcase classname="au.com.latitude.microservice.lambda.MaxDailyStockProfit.MaxDailyStockProfitTest" name="test3_stockPriceHighInMiddle" time="0.063"/>
  <testcase classname="au.com.latitude.microservice.lambda.MaxDailyStockProfit.MaxDailyStockProfitTest" name="test2_stockPriceGoesDown" time="0.003"/>
  <testcase classname="au.com.latitude.microservice.lambda.MaxDailyStockProfit.MaxDailyStockProfitTest" name="test4_stockPriceSameAllDay" time="0.008"/>
  <testcase classname="au.com.latitude.microservice.lambda.MaxDailyStockProfit.MaxDailyStockProfitTest" name="test5_only3prices" time="0.01"/>
  <testcase classname="au.com.latitude.microservice.lambda.MaxDailyStockProfit.MaxDailyStockProfitTest" name="test1_stockPriceGoesUp" time="0.015"/>
  <testcase classname="au.com.latitude.microservice.lambda.MaxDailyStockProfit.MaxDailyStockProfitTest" name="test6_minimum2ndMaxLast" time="0.008"/>
  <testcase classname="au.com.latitude.microservice.lambda.MaxDailyStockProfit.MaxDailyStockProfitTest" name="test7_lowestPriceLast" time="0.004"/>
  <testcase classname="au.com.latitude.microservice.lambda.MaxDailyStockProfit.MaxDailyStockProfitTest" name="test8_determineMinutesOpen" time="0.071"/>
  <testcase classname="au.com.latitude.microservice.lambda.MaxDailyStockProfit.MaxDailyStockProfitTest" name="test9_determineMinutesOpen" time="0.001"/>
  <testcase classname="au.com.latitude.microservice.lambda.MaxDailyStockProfit.MaxDailyStockProfitTest" name="testApp" time="0"/>
</testsuite>